  Gauss5Main.cpp
C:\Program Files\Microsoft Visual Studio\2022\Enterprise\VC\Tools\MSVC\14.35.32215\include\type_traits(1574,98): warning C4244: "argument": konwersja z "unsigned __int64" do "uint32_t", możliwa utrata danych
C:\Program Files\Microsoft Visual Studio\2022\Enterprise\VC\Tools\MSVC\14.35.32215\include\thread(51): message : zobacz odwołanie do kompilowanego tworzenia wystąpienia „void std::invoke<void(__cdecl *)(const char *,uint32_t,uint8_t *,size_t),const char*,unsigned __int64,_Ty*,unsigned __int64>(_Callable &&,_Ty1 &&,unsigned __int64 &&,_Ty *&&,unsigned __int64 &&) noexcept(false)” funkcji szablon
          with
          [
              _Ty=uint8_t,
              _Callable=void (__cdecl *)(const char *,uint32_t,uint8_t *,size_t),
              _Ty1=const char *
          ]
C:\Program Files\Microsoft Visual Studio\2022\Enterprise\VC\Tools\MSVC\14.35.32215\include\thread(62,9): message : zobacz odwołanie do kompilowanego tworzenia wystąpienia „unsigned int std::thread::_Invoke<_Tuple,0,1,2,3,4>(void *) noexcept” funkcji szablon
C:\Program Files\Microsoft Visual Studio\2022\Enterprise\VC\Tools\MSVC\14.35.32215\include\thread(68): message : zobacz odwołanie do kompilowanego tworzenia wystąpienia „unsigned int (__cdecl *std::thread::_Get_invoke<_Tuple,0,1,2,3,4>(std::integer_sequence<size_t,0,1,2,3,4>) noexcept)(void *) noexcept” funkcji szablon
C:\Program Files\Microsoft Visual Studio\2022\Enterprise\VC\Tools\MSVC\14.35.32215\include\thread(296): message : zobacz odwołanie do kompilowanego tworzenia wystąpienia „void std::thread::_Start<void(__cdecl &)(const char *,uint32_t,uint8_t *,size_t),const char*&,_Ty,unsigned char*,_Ty>(_Fn,const char *&,_Ty &&,unsigned char *&&,_Ty &&)” funkcji szablon
          with
          [
              _Ty=unsigned __int64,
              _Fn=void (__cdecl &)(const char *,uint32_t,uint8_t *,size_t)
          ]
C:\Users\jakub\Desktop\Studia\ProjektJA\Gauss5Main\Gauss5Main\Bitmap.h(123,1): message : zobacz odwołanie do kompilowanego tworzenia wystąpienia „std::jthread::jthread<void(__cdecl &)(const char *,uint32_t,uint8_t *,size_t),const char*&,unsigned __int64,_Ty*,unsigned __int64,0>(_Fn,const char *&,unsigned __int64 &&,_Ty *&&,unsigned __int64 &&)” funkcji szablon
          with
          [
              _Ty=uint8_t,
              _Fn=void (__cdecl &)(const char *,uint32_t,uint8_t *,size_t)
          ]
  Trwa generowanie kodu
  Previous IPDB and IOBJ mismatch, fall back to full compilation.
  All 446 functions were compiled because no usable IPDB/IOBJ from previous compilation was found.
  Zakończono generowanie kodu
  Gauss5Main.vcxproj -> C:\Users\jakub\Desktop\Studia\ProjektJA\Gauss5Main\x64\Release\Gauss5Main.exe
